<?xml version="1.0" encoding="UTF-8"?>
<!-- Generated by org.testng.reporters.JUnitReportReporter -->
<testsuite skipped="0" hostname="3RO-PQVIS8FDX5L" name="tests.Tests" tests="3" failures="0" timestamp="23 sep 2018 16:27:43 GMT" time="44.413" errors="0">
  <testcase name="loginSahiTestFail" time="10.644" classname="tests.Tests"/>
  <testcase name="loginSahiTestOK" time="14.690" classname="tests.Tests"/>
  <testcase name="seleccionarPasajeros" time="19.079" classname="tests.Tests"/>
</testsuite> <!-- tests.Tests -->
